<?xml version="1.0" encoding="UTF-8"?>
<!-- Generated by org.testng.reporters.JUnitReportReporter -->
<testsuite hostname="Manishs-MBP.hub" failures="0" tests="4" name="com.buggy.car.portals.tests.LoginTest" time="24.557" errors="0" timestamp="2022-07-06T23:37:15 NZST" skipped="0">
  <testcase classname="com.buggy.car.portals.tests.LoginTest" name="test_valid_login" time="6.296"/>
  <system-out/>
  <testcase classname="com.buggy.car.portals.tests.LoginTest" name="test_blank_username" time="6.166"/>
  <system-out/>
  <testcase classname="com.buggy.car.portals.tests.LoginTest" name="test_invalid_username" time="5.425"/>
  <system-out/>
  <testcase classname="com.buggy.car.portals.tests.LoginTest" name="test_invalid_password" time="6.670"/>
  <system-out/>
</testsuite> <!-- com.buggy.car.portals.tests.LoginTest -->
