<?xml version="1.0" encoding="UTF-8"?>
<!-- Generated by org.testng.reporters.JUnitReportReporter -->
<testsuite hostname="Manishs-MBP.hub" failures="0" tests="1" name="com.buggy.car.portals.tests.RegisterTest" time="13.438" errors="0" timestamp="2022-07-06T23:37:15 NZST" skipped="0">
  <testcase classname="com.buggy.car.portals.tests.RegisterTest" name="test_valid_register" time="13.438"/>
  <system-out/>
</testsuite> <!-- com.buggy.car.portals.tests.RegisterTest -->
