<?xml version="1.0" encoding="UTF-8"?>
<!-- Generated by org.testng.reporters.JUnitReportReporter -->
<testsuite hostname="Manishs-MBP.hub" failures="0" tests="1" name="com.buggy.car.portals.tests.BuggyCarsVoteTest" time="22.334" errors="0" timestamp="2022-07-06T23:50:12 NZST" skipped="0">
  <testcase classname="com.buggy.car.portals.tests.BuggyCarsVoteTest" name="test_voting" time="22.334"/>
  <system-out/>
</testsuite> <!-- com.buggy.car.portals.tests.BuggyCarsVoteTest -->
